<?xml version="1.0" encoding="UTF-8"?>
<!-- Generated by org.testng.reporters.JUnitReportReporter -->
<testsuite skipped="0" hostname="WIN-81NG0PGA72A" name="scripts.HomePageScript" tests="1" failures="0" timestamp="22 Aug 2019 10:37:47 GMT" time="23.490" errors="0">
  <testcase name="init" time="23.490" classname="scripts.HomePageScript"/>
</testsuite> <!-- scripts.HomePageScript -->
