<?xml version="1.0" encoding="UTF-8"?>
<!-- Generated by org.testng.reporters.JUnitReportReporter -->
<testsuite skipped="0" hostname="WIN-81NG0PGA72A" name="automationFramework.AutoITMultipleUpload" tests="2" failures="0" timestamp="26 Jul 2020 04:59:40 GMT" time="8.481" errors="0">
  <testcase name="runtime" time="3.183" classname="automationFramework.AutoITMultipleUpload"/>
  <testcase name="pageload" time="5.298" classname="automationFramework.AutoITMultipleUpload"/>
</testsuite> <!-- automationFramework.AutoITMultipleUpload -->
