<?xml version="1.0" encoding="UTF-8"?>
<!-- Generated by org.testng.reporters.JUnitReportReporter -->
<testsuite skipped="0" hostname="WIN-81NG0PGA72A" name="automationFramework.TakingScreenshot" tests="1" failures="0" timestamp="22 Jun 2019 01:02:21 GMT" time="5.366" errors="0">
  <testcase name="screenshot" time="5.366" classname="automationFramework.TakingScreenshot"/>
</testsuite> <!-- automationFramework.TakingScreenshot -->
