<?xml version="1.0" encoding="UTF-8"?>
<!-- Generated by org.testng.reporters.JUnitReportReporter -->
<testsuite skipped="0" hostname="WIN-81NG0PGA72A" name="TestNGPrograms.Bootstrap" tests="2" failures="0" timestamp="23 Jul 2020 07:26:27 GMT" time="11.113" errors="0">
  <testcase name="bootstrapsite" time="7.166" classname="TestNGPrograms.Bootstrap"/>
  <testcase name="dropdown" time="3.947" classname="TestNGPrograms.Bootstrap"/>
</testsuite> <!-- TestNGPrograms.Bootstrap -->
