<?xml version="1.0" encoding="UTF-8"?>
<!-- Generated by org.testng.reporters.JUnitReportReporter -->
<testsuite skipped="0" hostname="WIN-81NG0PGA72A" name="TestNGPrograms.BootStrapSpiceJet" tests="4" failures="0" timestamp="29 Jul 2020 09:01:04 GMT" time="37.218" errors="0">
  <testcase name="d_spicejetdeparturedate" time="0.688" classname="TestNGPrograms.BootStrapSpiceJet"/>
  <testcase name="a_bootstrapsite" time="25.444" classname="TestNGPrograms.BootStrapSpiceJet"/>
  <testcase name="b_spicejetfrom" time="5.514" classname="TestNGPrograms.BootStrapSpiceJet"/>
  <testcase name="c_spicejetto" time="5.572" classname="TestNGPrograms.BootStrapSpiceJet"/>
</testsuite> <!-- TestNGPrograms.BootStrapSpiceJet -->
