<?xml version="1.0" encoding="UTF-8"?>
<!-- Generated by org.testng.reporters.JUnitReportReporter -->
<testsuite skipped="0" hostname="WIN-81NG0PGA72A" name="TestNGPrograms.OrangeHRMexp" tests="2" failures="0" timestamp="31 Jul 2020 10:21:41 GMT" time="50.047" errors="0">
  <testcase name="b_addemployee" time="30.704" classname="TestNGPrograms.OrangeHRMexp"/>
  <testcase name="a_browseropening" time="19.343" classname="TestNGPrograms.OrangeHRMexp"/>
</testsuite> <!-- TestNGPrograms.OrangeHRMexp -->
