<?xml version="1.0" encoding="UTF-8"?>
<!-- Generated by org.testng.reporters.JUnitReportReporter -->
<testsuite skipped="0" hostname="WIN-81NG0PGA72A" name="TestNGPrograms.TakingScreenshot" tests="1" failures="0" timestamp="22 Jun 2019 01:05:23 GMT" time="12.209" errors="0">
  <testcase name="screenshot" time="12.209" classname="TestNGPrograms.TakingScreenshot"/>
</testsuite> <!-- TestNGPrograms.TakingScreenshot -->
