<?xml version="1.0" encoding="UTF-8"?>
<!-- Generated by org.testng.reporters.JUnitReportReporter -->
<testsuite skipped="0" hostname="WIN-81NG0PGA72A" name="TestNGPrograms.TakingScreenshotMultiple" tests="1" failures="0" timestamp="22 Jun 2019 01:25:48 GMT" time="14.279" errors="0">
  <testcase name="screenshot" time="14.279" classname="TestNGPrograms.TakingScreenshotMultiple"/>
</testsuite> <!-- TestNGPrograms.TakingScreenshotMultiple -->
