<?xml version="1.0" encoding="UTF-8"?>
<!-- Generated by org.testng.reporters.JUnitReportReporter -->
<testsuite skipped="0" hostname="WIN-81NG0PGA72A" name="TestNGPrograms.BootStrapSpiceJet" tests="3" failures="0" timestamp="23 Jul 2020 12:17:19 GMT" time="9.806" errors="0">
  <testcase name="spicejetto" time="1.339" classname="TestNGPrograms.BootStrapSpiceJet"/>
  <testcase name="spicejetfrom" time="1.994" classname="TestNGPrograms.BootStrapSpiceJet"/>
  <testcase name="bootstrapsite" time="6.473" classname="TestNGPrograms.BootStrapSpiceJet"/>
</testsuite> <!-- TestNGPrograms.BootStrapSpiceJet -->
