<?xml version="1.0" encoding="UTF-8"?>
<!-- Generated by org.testng.reporters.JUnitReportReporter -->
<testsuite skipped="0" hostname="WIN-81NG0PGA72A" name="TestNGPrograms.GroupingConcept" tests="2" failures="0" timestamp="16 Jun 2019 01:11:28 GMT" time="0.009" errors="0">
  <testcase name="f1" time="0.008" classname="TestNGPrograms.GroupingConcept"/>
  <testcase name="f3" time="0.001" classname="TestNGPrograms.GroupingConcept"/>
</testsuite> <!-- TestNGPrograms.GroupingConcept -->
