<?xml version="1.0" encoding="UTF-8"?>
<!-- Generated by org.testng.reporters.JUnitReportReporter -->
<testsuite skipped="0" hostname="WIN-81NG0PGA72A" name="TestNGPrograms.TakingScreenshotwoException" tests="1" failures="0" timestamp="22 Jun 2019 01:13:10 GMT" time="14.253" errors="0">
  <testcase name="screenshot" time="14.253" classname="TestNGPrograms.TakingScreenshotwoException"/>
</testsuite> <!-- TestNGPrograms.TakingScreenshotwoException -->
