<?xml version="1.0" encoding="UTF-8"?>
<!-- Generated by org.testng.reporters.JUnitReportReporter -->
<testsuite skipped="0" hostname="WIN-81NG0PGA72A" name="TestNGPrograms.TakingScreenshotMultiple" tests="1" failures="0" timestamp="24 Jul 2020 03:41:42 GMT" time="15.451" errors="0">
  <testcase name="screenshot" time="15.451" classname="TestNGPrograms.TakingScreenshotMultiple"/>
</testsuite> <!-- TestNGPrograms.TakingScreenshotMultiple -->
