<?xml version="1.0" encoding="UTF-8"?>
<!-- Generated by org.testng.reporters.JUnitReportReporter -->
<testsuite skipped="0" hostname="WIN-81NG0PGA72A" name="TestNGPrograms.YourLogoLoginParallel" tests="15" failures="0" timestamp="16 Jun 2019 01:06:56 GMT" time="83.520" errors="0">
  <testcase name="Browser" time="8.353" classname="TestNGPrograms.YourLogoLoginParallel"/>
  <testcase name="Browser" time="2.232" classname="TestNGPrograms.YourLogoLoginParallel"/>
  <testcase name="Browser" time="3.175" classname="TestNGPrograms.YourLogoLoginParallel"/>
  <testcase name="Pageload" time="7.704" classname="TestNGPrograms.YourLogoLoginParallel"/>
  <testcase name="Pageload" time="10.440" classname="TestNGPrograms.YourLogoLoginParallel"/>
  <testcase name="Pageload" time="9.633" classname="TestNGPrograms.YourLogoLoginParallel"/>
  <testcase name="login" time="6.772" classname="TestNGPrograms.YourLogoLoginParallel"/>
  <testcase name="login" time="7.886" classname="TestNGPrograms.YourLogoLoginParallel"/>
  <testcase name="login" time="17.097" classname="TestNGPrograms.YourLogoLoginParallel"/>
  <testcase name="logout" time="3.594" classname="TestNGPrograms.YourLogoLoginParallel"/>
  <testcase name="logout" time="2.786" classname="TestNGPrograms.YourLogoLoginParallel"/>
  <testcase name="logout" time="3.765" classname="TestNGPrograms.YourLogoLoginParallel"/>
  <testcase name="validation" time="0.015" classname="TestNGPrograms.YourLogoLoginParallel"/>
  <testcase name="validation" time="0.053" classname="TestNGPrograms.YourLogoLoginParallel"/>
  <testcase name="validation" time="0.015" classname="TestNGPrograms.YourLogoLoginParallel"/>
</testsuite> <!-- TestNGPrograms.YourLogoLoginParallel -->
