<?xml version="1.0" encoding="UTF-8"?>
<!-- Generated by org.testng.reporters.JUnitReportReporter -->
<testsuite skipped="0" hostname="WIN-81NG0PGA72A" name="TestNGPrograms.TestNGex1" tests="6" failures="0" timestamp="16 Jun 2019 00:38:06 GMT" time="60.926" errors="0">
  <testcase name="launchbrowser" time="13.476" classname="TestNGPrograms.TestNGex1"/>
  <testcase name="registration" time="7.836" classname="TestNGPrograms.TestNGex1"/>
  <testcase name="personalinfo" time="31.612" classname="TestNGPrograms.TestNGex1"/>
  <testcase name="addressinfo" time="3.696" classname="TestNGPrograms.TestNGex1"/>
  <testcase name="signout" time="2.371" classname="TestNGPrograms.TestNGex1"/>
  <testcase name="signin" time="1.935" classname="TestNGPrograms.TestNGex1"/>
</testsuite> <!-- TestNGPrograms.TestNGex1 -->
