<?xml version="1.0" encoding="UTF-8"?>
<!-- Generated by org.testng.reporters.JUnitReportReporter -->
<testsuite skipped="0" hostname="WIN-81NG0PGA72A" name="automationFramework.AutoITUpload" tests="2" failures="0" timestamp="26 Jul 2020 04:58:42 GMT" time="16.289" errors="0">
  <testcase name="runtime" time="9.814" classname="automationFramework.AutoITUpload"/>
  <testcase name="pageload" time="6.475" classname="automationFramework.AutoITUpload"/>
</testsuite> <!-- automationFramework.AutoITUpload -->
