<?xml version="1.0" encoding="UTF-8"?>
<!-- Generated by org.testng.reporters.JUnitReportReporter -->
<testsuite skipped="0" hostname="WIN-81NG0PGA72A" name="TestNGPrograms.ClassEvaluation" tests="2" failures="0" timestamp="15 Jun 2019 02:43:28 GMT" time="0.012" errors="0">
  <testcase name="f1" time="0.009" classname="TestNGPrograms.ClassEvaluation"/>
  <testcase name="f2" time="0.003" classname="TestNGPrograms.ClassEvaluation"/>
</testsuite> <!-- TestNGPrograms.ClassEvaluation -->
