<?xml version="1.0" encoding="UTF-8"?>
<!-- Generated by org.testng.reporters.JUnitReportReporter -->
<testsuite skipped="0" hostname="WIN-81NG0PGA72A" name="TestNGPrograms.Bootstrap" tests="2" failures="0" timestamp="06 Aug 2020 09:40:18 GMT" time="15.366" errors="0">
  <testcase name="bootstrapsite" time="11.886" classname="TestNGPrograms.Bootstrap"/>
  <testcase name="dropdown" time="3.480" classname="TestNGPrograms.Bootstrap"/>
</testsuite> <!-- TestNGPrograms.Bootstrap -->
