<?xml version="1.0" encoding="UTF-8"?>
<!-- Generated by org.testng.reporters.JUnitReportReporter -->
<testsuite skipped="0" hostname="WIN-81NG0PGA72A" name="TestNGPrograms.AutoITUpload" tests="2" failures="0" timestamp="06 Aug 2020 09:43:37 GMT" time="12.239" errors="0">
  <testcase name="pageload" time="6.129" classname="TestNGPrograms.AutoITUpload"/>
  <testcase name="runtime" time="6.110" classname="TestNGPrograms.AutoITUpload"/>
</testsuite> <!-- TestNGPrograms.AutoITUpload -->
