<?xml version="1.0" encoding="UTF-8"?>
<!-- Generated by org.testng.reporters.JUnitReportReporter -->
<testsuite skipped="0" hostname="WIN-81NG0PGA72A" name="accessibilityTest.Test1" tests="1" failures="0" timestamp="28 Feb 2020 06:31:50 GMT" time="13.321" errors="0">
  <testcase name="pageLoad" time="13.321" classname="accessibilityTest.Test1"/>
</testsuite> <!-- accessibilityTest.Test1 -->
