<?xml version="1.0" encoding="UTF-8"?>
<!-- Generated by org.testng.reporters.JUnitReportReporter -->
<testsuite skipped="0" hostname="WIN-81NG0PGA72A" name="accessibilityTest.Test2" tests="1" failures="0" timestamp="18 Feb 2020 11:52:33 GMT" time="60.343" errors="0">
  <testcase name="pageLoad" time="60.343" classname="accessibilityTest.Test2"/>
</testsuite> <!-- accessibilityTest.Test2 -->
