<?xml version="1.0" encoding="UTF-8"?>
<!-- Generated by org.testng.reporters.JUnitReportReporter -->
<testsuite skipped="0" hostname="WIN-81NG0PGA72A" name="TestNGPrograms.Annotations" tests="2" failures="0" timestamp="06 Aug 2020 09:39:32 GMT" time="0.021" errors="0">
  <testcase name="f1" time="0.019" classname="TestNGPrograms.Annotations"/>
  <testcase name="f2" time="0.002" classname="TestNGPrograms.Annotations"/>
</testsuite> <!-- TestNGPrograms.Annotations -->
