<?xml version="1.0" encoding="UTF-8"?>
<!-- Generated by org.testng.reporters.JUnitReportReporter -->
<testsuite skipped="0" hostname="WIN-81NG0PGA72A" name="TestNGPrograms.Grouping" tests="4" failures="0" timestamp="15 Jun 2019 02:39:06 GMT" time="0.014" errors="0">
  <testcase name="f4" time="0.001" classname="TestNGPrograms.Grouping"/>
  <testcase name="f2" time="0.002" classname="TestNGPrograms.Grouping"/>
  <testcase name="f3" time="0.001" classname="TestNGPrograms.Grouping"/>
  <testcase name="f1" time="0.010" classname="TestNGPrograms.Grouping"/>
</testsuite> <!-- TestNGPrograms.Grouping -->
