<?xml version="1.0" encoding="UTF-8"?>
<!-- Generated by org.testng.reporters.JUnitReportReporter -->
<testsuite skipped="0" hostname="WIN-81NG0PGA72A" name="TestNGPrograms.ZeroSecurity" tests="1" failures="0" timestamp="15 Jun 2019 02:43:28 GMT" time="5.781" errors="0">
  <testcase name="LoginLogout" time="5.781" classname="TestNGPrograms.ZeroSecurity"/>
</testsuite> <!-- TestNGPrograms.ZeroSecurity -->
