<?xml version="1.0" encoding="UTF-8"?>
<!-- Generated by org.testng.reporters.JUnitReportReporter -->
<testsuite skipped="1" hostname="WIN-81NG0PGA72A" name="TestNGPrograms.ClassEvaluationPriority" tests="8" failures="0" timestamp="20 Aug 2019 14:27:21 GMT" time="0.022" errors="0">
  <testcase name="m" time="0.001" classname="TestNGPrograms.ClassEvaluationPriority"/>
  <testcase name="x" time="0.011" classname="TestNGPrograms.ClassEvaluationPriority"/>
  <testcase name="f" time="0.003" classname="TestNGPrograms.ClassEvaluationPriority"/>
  <testcase name="d" time="0.002" classname="TestNGPrograms.ClassEvaluationPriority"/>
  <testcase name="c" time="0.001" classname="TestNGPrograms.ClassEvaluationPriority"/>
  <testcase name="a" time="0.003" classname="TestNGPrograms.ClassEvaluationPriority"/>
  <testcase name="e" time="0.001" classname="TestNGPrograms.ClassEvaluationPriority"/>
  <testcase name="z" classname="TestNGPrograms.ClassEvaluationPriority">
    <skipped/>
  </testcase> <!-- z -->
</testsuite> <!-- TestNGPrograms.ClassEvaluationPriority -->
