<?xml version="1.0" encoding="UTF-8"?>
<!-- Generated by org.testng.reporters.JUnitReportReporter -->
<testsuite skipped="0" hostname="WIN-81NG0PGA72A" name="automationFramework.YourLogoRegistrationParallel" tests="12" failures="0" timestamp="06 Jun 2019 14:09:43 GMT" time="74.614" errors="0">
  <testcase name="Browser" time="2.472" classname="automationFramework.YourLogoRegistrationParallel"/>
  <testcase name="Browser" time="3.375" classname="automationFramework.YourLogoRegistrationParallel"/>
  <testcase name="Browser" time="5.700" classname="automationFramework.YourLogoRegistrationParallel"/>
  <testcase name="Pageload" time="7.323" classname="automationFramework.YourLogoRegistrationParallel"/>
  <testcase name="Pageload" time="8.084" classname="automationFramework.YourLogoRegistrationParallel"/>
  <testcase name="Pageload" time="9.841" classname="automationFramework.YourLogoRegistrationParallel"/>
  <testcase name="Signin" time="7.996" classname="automationFramework.YourLogoRegistrationParallel"/>
  <testcase name="Signin" time="7.726" classname="automationFramework.YourLogoRegistrationParallel"/>
  <testcase name="Signin" time="13.975" classname="automationFramework.YourLogoRegistrationParallel"/>
  <testcase name="SignOut" time="3.749" classname="automationFramework.YourLogoRegistrationParallel"/>
  <testcase name="SignOut" time="2.211" classname="automationFramework.YourLogoRegistrationParallel"/>
  <testcase name="SignOut" time="2.162" classname="automationFramework.YourLogoRegistrationParallel"/>
</testsuite> <!-- automationFramework.YourLogoRegistrationParallel -->
