<?xml version="1.0" encoding="UTF-8"?>
<!-- Generated by org.testng.reporters.JUnitReportReporter -->
<testsuite skipped="0" hostname="WIN-81NG0PGA72A" name="TestNGPrograms.SoftAssertion" tests="7" failures="0" timestamp="20 Aug 2019 12:06:15 GMT" time="7.096" errors="0">
  <testcase name="Browser" time="6.917" classname="TestNGPrograms.SoftAssertion"/>
  <testcase name="assertEquals" time="0.088" classname="TestNGPrograms.SoftAssertion"/>
  <testcase name="assertNotEquals" time="0.000" classname="TestNGPrograms.SoftAssertion"/>
  <testcase name="assertTrue" time="0.047" classname="TestNGPrograms.SoftAssertion"/>
  <testcase name="assertFalse" time="0.029" classname="TestNGPrograms.SoftAssertion"/>
  <testcase name="assertNotNull" time="0.009" classname="TestNGPrograms.SoftAssertion"/>
  <testcase name="assertNull" time="0.006" classname="TestNGPrograms.SoftAssertion"/>
</testsuite> <!-- TestNGPrograms.SoftAssertion -->
