<?xml version="1.0" encoding="UTF-8"?>
<!-- Generated by org.testng.reporters.JUnitReportReporter -->
<testsuite skipped="0" hostname="WIN-81NG0PGA72A" name="TestNGPrograms.ZeroSecurity" tests="2" failures="0" timestamp="21 Jul 2020 08:10:37 GMT" time="19.867" errors="0">
  <testcase name="quit" time="2.719" classname="TestNGPrograms.ZeroSecurity"/>
  <testcase name="pageload" time="17.148" classname="TestNGPrograms.ZeroSecurity"/>
</testsuite> <!-- TestNGPrograms.ZeroSecurity -->
