<?xml version="1.0" encoding="UTF-8"?>
<!-- Generated by org.testng.reporters.JUnitReportReporter -->
<testsuite skipped="0" hostname="WIN-81NG0PGA72A" name="Framework.EntryAd" tests="1" failures="0" timestamp="17 Jun 2019 13:47:44 GMT" time="8.778" errors="0">
  <testcase name="EntryAd" time="8.778" classname="Framework.EntryAd"/>
</testsuite> <!-- Framework.EntryAd -->
