<?xml version="1.0" encoding="UTF-8"?>
<!-- Generated by org.testng.reporters.JUnitReportReporter -->
<testsuite skipped="0" hostname="WIN-81NG0PGA72A" name="Framework.ContextMenu" tests="1" failures="0" timestamp="17 Jun 2019 12:40:05 GMT" time="7.384" errors="0">
  <testcase name="ContextMenu" time="7.384" classname="Framework.ContextMenu"/>
</testsuite> <!-- Framework.ContextMenu -->
