<?xml version="1.0" encoding="UTF-8"?>
<!-- Generated by org.testng.reporters.JUnitReportReporter -->
<testsuite skipped="0" hostname="WIN-81NG0PGA72A" name="Framework.AddRemoveElements" tests="1" failures="0" timestamp="17 Jun 2019 11:49:25 GMT" time="0.171" errors="0">
  <testcase name="add" time="0.171" classname="Framework.AddRemoveElements"/>
</testsuite> <!-- Framework.AddRemoveElements -->
