<?xml version="1.0" encoding="UTF-8"?>
<!-- Generated by org.testng.reporters.JUnitReportReporter -->
<testsuite skipped="0" hostname="WIN-81NG0PGA72A" name="script.Excelutils" tests="4" failures="0" timestamp="29 Oct 2020 02:41:36 GMT" time="34.586" errors="0">
  <testcase name="loginTest" time="15.411" classname="script.Excelutils"/>
  <testcase name="loginTest" time="5.403" classname="script.Excelutils"/>
  <testcase name="loginTest" time="7.531" classname="script.Excelutils"/>
  <testcase name="loginTest" time="6.241" classname="script.Excelutils"/>
</testsuite> <!-- script.Excelutils -->
