<?xml version="1.0" encoding="UTF-8"?>
<!-- Generated by org.testng.reporters.JUnitReportReporter -->
<testsuite skipped="0" hostname="WIN-81NG0PGA72A" name="script.Excelutils" tests="4" failures="0" timestamp="09 Dec 2020 03:38:21 GMT" time="29.839" errors="0">
  <testcase name="loginTest" time="12.378" classname="script.Excelutils"/>
  <testcase name="loginTest" time="5.664" classname="script.Excelutils"/>
  <testcase name="loginTest" time="5.386" classname="script.Excelutils"/>
  <testcase name="loginTest" time="6.411" classname="script.Excelutils"/>
</testsuite> <!-- script.Excelutils -->
