<?xml version="1.0" encoding="UTF-8"?>
<!-- Generated by org.testng.reporters.JUnitReportReporter -->
<testsuite skipped="0" hostname="WIN-81NG0PGA72A" name="script.Excelutils" tests="4" failures="0" timestamp="11 Oct 2020 03:19:47 GMT" time="26.054" errors="0">
  <testcase name="loginTest" time="12.121" classname="script.Excelutils"/>
  <testcase name="loginTest" time="4.119" classname="script.Excelutils"/>
  <testcase name="loginTest" time="4.343" classname="script.Excelutils"/>
  <testcase name="loginTest" time="5.471" classname="script.Excelutils"/>
</testsuite> <!-- script.Excelutils -->
