<?xml version="1.0" encoding="UTF-8"?>
<!-- Generated by org.testng.reporters.JUnitReportReporter -->
<testsuite skipped="0" hostname="WIN-81NG0PGA72A" name="scripts.HomePageScript" tests="3" failures="0" timestamp="11 Sep 2019 14:08:52 GMT" time="19.324" errors="0">
  <testcase name="signout" time="2.445" classname="scripts.HomePageScript"/>
  <testcase name="Pageload" time="11.223" classname="scripts.HomePageScript"/>
  <testcase name="signin" time="5.656" classname="scripts.HomePageScript"/>
</testsuite> <!-- scripts.HomePageScript -->
