<?xml version="1.0" encoding="UTF-8"?>
<!-- Generated by org.testng.reporters.JUnitReportReporter -->
<testsuite skipped="1" hostname="WIN-81NG0PGA72A" name="seleniumInstallation.ClassEvaluationPriority" tests="8" failures="0" timestamp="08 Jun 2019 01:27:49 GMT" time="0.021" errors="0">
  <testcase name="m" time="0.002" classname="seleniumInstallation.ClassEvaluationPriority"/>
  <testcase name="x" time="0.010" classname="seleniumInstallation.ClassEvaluationPriority"/>
  <testcase name="f" time="0.002" classname="seleniumInstallation.ClassEvaluationPriority"/>
  <testcase name="d" time="0.002" classname="seleniumInstallation.ClassEvaluationPriority"/>
  <testcase name="c" time="0.002" classname="seleniumInstallation.ClassEvaluationPriority"/>
  <testcase name="a" time="0.002" classname="seleniumInstallation.ClassEvaluationPriority"/>
  <testcase name="e" time="0.001" classname="seleniumInstallation.ClassEvaluationPriority"/>
  <testcase name="z" classname="seleniumInstallation.ClassEvaluationPriority">
    <skipped/>
  </testcase> <!-- z -->
</testsuite> <!-- seleniumInstallation.ClassEvaluationPriority -->
