<?xml version="1.0" encoding="UTF-8"?>
<!-- Generated by org.testng.reporters.JUnitReportReporter -->
<testsuite skipped="0" hostname="WIN-81NG0PGA72A" name="seleniumInstallation.ZeroSecurity" tests="1" failures="0" timestamp="23 May 2019 15:46:54 GMT" time="13.019" errors="0">
  <testcase name="LoginLogout" time="13.019" classname="seleniumInstallation.ZeroSecurity"/>
</testsuite> <!-- seleniumInstallation.ZeroSecurity -->
