<?xml version="1.0" encoding="UTF-8"?>
<!-- Generated by org.testng.reporters.JUnitReportReporter -->
<testsuite skipped="0" hostname="WIN-81NG0PGA72A" name="seleniumInstallation.ClassEvaluation" tests="2" failures="0" timestamp="02 Jun 2019 02:00:14 GMT" time="0.007" errors="0">
  <testcase name="f2" time="0.001" classname="seleniumInstallation.ClassEvaluation"/>
  <testcase name="f1" time="0.006" classname="seleniumInstallation.ClassEvaluation"/>
</testsuite> <!-- seleniumInstallation.ClassEvaluation -->
