<?xml version="1.0" encoding="UTF-8"?>
<!-- Generated by org.testng.reporters.JUnitReportReporter -->
<testsuite skipped="0" hostname="WIN-81NG0PGA72A" name="Framework.DropDown" tests="1" failures="0" timestamp="17 Jun 2019 13:03:27 GMT" time="5.432" errors="0">
  <testcase name="ContextMenu" time="5.432" classname="Framework.DropDown"/>
</testsuite> <!-- Framework.DropDown -->
