<?xml version="1.0" encoding="UTF-8"?>
<!-- Generated by org.testng.reporters.JUnitReportReporter -->
<testsuite skipped="0" hostname="WIN-81NG0PGA72A" name="Framework.FormAuthentication" tests="2" failures="0" timestamp="17 Jun 2019 13:16:44 GMT" time="11.660" errors="0">
  <testcase name="WrongCredentials" time="7.111" classname="Framework.FormAuthentication"/>
  <testcase name="SuccessfulLoign" time="4.549" classname="Framework.FormAuthentication"/>
</testsuite> <!-- Framework.FormAuthentication -->
