<?xml version="1.0" encoding="UTF-8"?>
<!-- Generated by org.testng.reporters.JUnitReportReporter -->
<testsuite skipped="0" hostname="WIN-81NG0PGA72A" name="Framework.DragandDrop" tests="1" failures="0" timestamp="17 Jun 2019 12:46:59 GMT" time="28.185" errors="0">
  <testcase name="DragDrop" time="28.185" classname="Framework.DragandDrop"/>
</testsuite> <!-- Framework.DragandDrop -->
