<?xml version="1.0" encoding="UTF-8"?>
<!-- Generated by org.testng.reporters.JUnitReportReporter -->
<testsuite skipped="0" hostname="WIN-81NG0PGA72A" name="automationFramework.Gmail" tests="1" failures="0" timestamp="17 Jun 2019 11:18:12 GMT" time="8.049" errors="0">
  <testcase name="pageload" time="8.049" classname="automationFramework.Gmail"/>
</testsuite> <!-- automationFramework.Gmail -->
