<?xml version="1.0" encoding="UTF-8"?>
<!-- Generated by org.testng.reporters.JUnitReportReporter -->
<testsuite skipped="0" hostname="WIN-81NG0PGA72A" name="com.zerowebapp.script.zerowebappScript" tests="2" failures="0" timestamp="16 Dec 2019 12:32:57 GMT" time="11.744" errors="0">
  <testcase name="PageLoad" time="7.155" classname="com.zerowebapp.script.zerowebappScript"/>
  <testcase name="UserLoginFlow" time="4.589" classname="com.zerowebapp.script.zerowebappScript"/>
</testsuite> <!-- com.zerowebapp.script.zerowebappScript -->
